<?xml version="1.0" encoding="UTF-8"?>
<!-- Generated by org.testng.reporters.JUnitReportReporter -->
<testsuite skipped="0" hostname="DESKTOP-NQ15T5F" name="com.automationcicd.DemoProject.TestClass" tests="3" failures="0" timestamp="06 Jul 2019 07:06:00 GMT" time="45.271" errors="0">
  <testcase name="test1" time="10.608" classname="com.automationcicd.DemoProject.TestClass"/>
  <testcase name="test2" time="22.650" classname="com.automationcicd.DemoProject.TestClass"/>
  <testcase name="test3" time="12.013" classname="com.automationcicd.DemoProject.TestClass"/>
</testsuite> <!-- com.automationcicd.DemoProject.TestClass -->
